<?xml version="1.0" encoding="UTF-8"?>
<!-- Generated by org.testng.reporters.JUnitXMLReporter -->
<testsuite hostname="DESKTOP-KFUNODE" ignored="0" name="Test" tests="4" failures="0" timestamp="2022-07-13T16:42:05 IST" time="34.083" errors="0">
  <testcase name="InvalidLogin" time="2.001" classname="com.vtiger.test.LoginTest"/>
  <testcase name="validLogin" time="3.536" classname="com.vtiger.test.LoginTest"/>
  <testcase name="creatLead" time="8.052" classname="com.vtiger.test.LeadTest"/>
  <testcase name="creatLead2" time="7.952" classname="com.vtiger.test.LeadTest"/>
</testsuite> <!-- Test -->
