<?xml version="1.0" encoding="UTF-8"?>
<testng-results skipped="0" failed="0" ignored="0" total="4" passed="4">
  <reporter-output>
  </reporter-output>
  <suite name="Suite" duration-ms="34083" started-at="2022-07-13T16:41:30 IST" finished-at="2022-07-13T16:42:04 IST">
    <groups>
    </groups>
    <test name="Test" duration-ms="34083" started-at="2022-07-13T16:41:30 IST" finished-at="2022-07-13T16:42:04 IST">
      <class name="com.vtiger.test.LeadTest">
        <test-method status="PASS" signature="launchApp()[pri:0, instance:com.vtiger.test.LeadTest@29b5cd00]" name="launchApp" is-config="true" duration-ms="3139" started-at="2022-07-13T16:41:44 IST" finished-at="2022-07-13T16:41:48 IST">
          <reporter-output>
          </reporter-output>
        </test-method> <!-- launchApp -->
        <test-method status="PASS" signature="creatLead()[pri:0, instance:com.vtiger.test.LeadTest@29b5cd00]" name="creatLead" duration-ms="8052" started-at="2022-07-13T16:41:48 IST" finished-at="2022-07-13T16:41:56 IST">
          <reporter-output>
          </reporter-output>
        </test-method> <!-- creatLead -->
        <test-method status="PASS" signature="creatLead2()[pri:0, instance:com.vtiger.test.LeadTest@29b5cd00]" name="creatLead2" duration-ms="7952" started-at="2022-07-13T16:41:56 IST" finished-at="2022-07-13T16:42:04 IST">
          <reporter-output>
          </reporter-output>
        </test-method> <!-- creatLead2 -->
        <test-method status="PASS" signature="tearDown()[pri:0, instance:com.vtiger.test.LeadTest@29b5cd00]" name="tearDown" is-config="true" duration-ms="972" started-at="2022-07-13T16:42:04 IST" finished-at="2022-07-13T16:42:04 IST">
          <reporter-output>
          </reporter-output>
        </test-method> <!-- tearDown -->
      </class> <!-- com.vtiger.test.LeadTest -->
      <class name="com.vtiger.test.LoginTest">
        <test-method status="PASS" signature="launchApp()[pri:0, instance:com.vtiger.test.LoginTest@e874448]" name="launchApp" is-config="true" duration-ms="7452" started-at="2022-07-13T16:41:30 IST" finished-at="2022-07-13T16:41:38 IST">
          <reporter-output>
          </reporter-output>
        </test-method> <!-- launchApp -->
        <test-method status="PASS" signature="InvalidLogin()[pri:0, instance:com.vtiger.test.LoginTest@e874448]" name="InvalidLogin" duration-ms="2001" started-at="2022-07-13T16:41:38 IST" finished-at="2022-07-13T16:41:40 IST">
          <reporter-output>
          </reporter-output>
        </test-method> <!-- InvalidLogin -->
        <test-method status="PASS" signature="validLogin()[pri:0, instance:com.vtiger.test.LoginTest@e874448]" name="validLogin" duration-ms="3536" started-at="2022-07-13T16:41:40 IST" finished-at="2022-07-13T16:41:43 IST">
          <reporter-output>
          </reporter-output>
        </test-method> <!-- validLogin -->
        <test-method status="PASS" signature="tearDown()[pri:0, instance:com.vtiger.test.LoginTest@e874448]" name="tearDown" is-config="true" duration-ms="880" started-at="2022-07-13T16:41:43 IST" finished-at="2022-07-13T16:41:44 IST">
          <reporter-output>
          </reporter-output>
        </test-method> <!-- tearDown -->
      </class> <!-- com.vtiger.test.LoginTest -->
    </test> <!-- Test -->
  </suite> <!-- Suite -->
</testng-results>
